[0.267s] DEBUG:colcon:Command line arguments: ['/usr/bin/colcon', 'build']
[0.267s] DEBUG:colcon:Parsed command line arguments: Namespace(log_base=None, log_level=None, verb_name='build', build_base='build', install_base='install', merge_install=False, symlink_install=False, test_result_base=None, continue_on_error=False, executor='parallel', parallel_workers=16, event_handlers=None, ignore_user_meta=False, metas=['./colcon.meta'], base_paths=['.'], packages_ignore=None, packages_ignore_regex=None, paths=None, packages_up_to=None, packages_up_to_regex=None, packages_above=None, packages_above_and_dependencies=None, packages_above_depth=None, packages_select_by_dep=None, packages_skip_by_dep=None, packages_skip_up_to=None, packages_select_build_failed=False, packages_skip_build_finished=False, packages_select_test_failures=False, packages_skip_test_passed=False, packages_select=None, packages_skip=None, packages_select_regex=None, packages_skip_regex=None, packages_start=None, packages_end=None, allow_overriding=[], cmake_args=None, cmake_target=None, cmake_target_skip_unavailable=False, cmake_clean_cache=False, cmake_clean_first=False, cmake_force_configure=False, ament_cmake_args=None, catkin_cmake_args=None, catkin_skip_building_tests=False, mixin_files=None, mixin=None, verb_parser=<colcon_mixin.mixin.mixin_argument.MixinArgumentDecorator object at 0x7f0e5184b1d0>, verb_extension=<colcon_core.verb.build.BuildVerb object at 0x7f0e5181c980>, main=<bound method BuildVerb.main of <colcon_core.verb.build.BuildVerb object at 0x7f0e5181c980>>, mixin_verb=('build',))
[0.347s] Level 1:colcon.colcon_core.package_discovery:discover_packages(colcon_meta) check parameters
[0.347s] Level 1:colcon.colcon_core.package_discovery:discover_packages(recursive) check parameters
[0.347s] Level 1:colcon.colcon_core.package_discovery:discover_packages(ignore) check parameters
[0.348s] Level 1:colcon.colcon_core.package_discovery:discover_packages(path) check parameters
[0.348s] Level 1:colcon.colcon_core.package_discovery:discover_packages(colcon_meta) discover
[0.348s] Level 1:colcon.colcon_core.package_discovery:discover_packages(recursive) discover
[0.348s] INFO:colcon.colcon_core.package_discovery:Crawling recursively for packages in '/mnt/c/Users/eshan/EECE5554/lab2'
[0.349s] Level 1:colcon.colcon_core.package_identification:_identify(.) by extensions ['ignore', 'ignore_ament_install']
[0.349s] Level 1:colcon.colcon_core.package_identification:_identify(.) by extension 'ignore'
[0.350s] Level 1:colcon.colcon_core.package_identification:_identify(.) by extension 'ignore_ament_install'
[0.350s] Level 1:colcon.colcon_core.package_identification:_identify(.) by extensions ['colcon_pkg']
[0.350s] Level 1:colcon.colcon_core.package_identification:_identify(.) by extension 'colcon_pkg'
[0.350s] Level 1:colcon.colcon_core.package_identification:_identify(.) by extensions ['colcon_meta']
[0.351s] Level 1:colcon.colcon_core.package_identification:_identify(.) by extension 'colcon_meta'
[0.351s] Level 1:colcon.colcon_core.package_identification:_identify(.) by extensions ['ros']
[0.351s] Level 1:colcon.colcon_core.package_identification:_identify(.) by extension 'ros'
[0.382s] Level 1:colcon.colcon_core.package_identification:_identify(.) by extensions ['cmake', 'python']
[0.382s] Level 1:colcon.colcon_core.package_identification:_identify(.) by extension 'cmake'
[0.382s] Level 1:colcon.colcon_core.package_identification:_identify(.) by extension 'python'
[0.383s] Level 1:colcon.colcon_core.package_identification:_identify(.) by extensions ['python_setup_py']
[0.383s] Level 1:colcon.colcon_core.package_identification:_identify(.) by extension 'python_setup_py'
[0.385s] Level 1:colcon.colcon_core.package_identification:_identify(build) by extensions ['ignore', 'ignore_ament_install']
[0.385s] Level 1:colcon.colcon_core.package_identification:_identify(build) by extension 'ignore'
[0.386s] Level 1:colcon.colcon_core.package_identification:_identify(build) ignored
[0.388s] Level 1:colcon.colcon_core.package_identification:_identify(dataset) by extensions ['ignore', 'ignore_ament_install']
[0.388s] Level 1:colcon.colcon_core.package_identification:_identify(dataset) by extension 'ignore'
[0.389s] Level 1:colcon.colcon_core.package_identification:_identify(dataset) by extension 'ignore_ament_install'
[0.390s] Level 1:colcon.colcon_core.package_identification:_identify(dataset) by extensions ['colcon_pkg']
[0.390s] Level 1:colcon.colcon_core.package_identification:_identify(dataset) by extension 'colcon_pkg'
[0.390s] Level 1:colcon.colcon_core.package_identification:_identify(dataset) by extensions ['colcon_meta']
[0.390s] Level 1:colcon.colcon_core.package_identification:_identify(dataset) by extension 'colcon_meta'
[0.391s] Level 1:colcon.colcon_core.package_identification:_identify(dataset) by extensions ['ros']
[0.391s] Level 1:colcon.colcon_core.package_identification:_identify(dataset) by extension 'ros'
[0.394s] Level 1:colcon.colcon_core.package_identification:_identify(dataset) by extensions ['cmake', 'python']
[0.394s] Level 1:colcon.colcon_core.package_identification:_identify(dataset) by extension 'cmake'
[0.394s] Level 1:colcon.colcon_core.package_identification:_identify(dataset) by extension 'python'
[0.395s] Level 1:colcon.colcon_core.package_identification:_identify(dataset) by extensions ['python_setup_py']
[0.395s] Level 1:colcon.colcon_core.package_identification:_identify(dataset) by extension 'python_setup_py'
[0.397s] Level 1:colcon.colcon_core.package_identification:_identify(gnss) by extensions ['ignore', 'ignore_ament_install']
[0.398s] Level 1:colcon.colcon_core.package_identification:_identify(gnss) by extension 'ignore'
[0.398s] Level 1:colcon.colcon_core.package_identification:_identify(gnss) by extension 'ignore_ament_install'
[0.399s] Level 1:colcon.colcon_core.package_identification:_identify(gnss) by extensions ['colcon_pkg']
[0.399s] Level 1:colcon.colcon_core.package_identification:_identify(gnss) by extension 'colcon_pkg'
[0.400s] Level 1:colcon.colcon_core.package_identification:_identify(gnss) by extensions ['colcon_meta']
[0.400s] Level 1:colcon.colcon_core.package_identification:_identify(gnss) by extension 'colcon_meta'
[0.401s] Level 1:colcon.colcon_core.package_identification:_identify(gnss) by extensions ['ros']
[0.401s] Level 1:colcon.colcon_core.package_identification:_identify(gnss) by extension 'ros'
[0.413s] DEBUG:colcon.colcon_core.package_identification:Failed to parse potential ROS package manifest in'gnss': Error(s) in package 'gnss/package.xml':
The manifest contains invalid XML:
no element found: line 1, column 0
[0.413s] Level 1:colcon.colcon_core.package_identification:_identify(gnss) by extensions ['cmake', 'python']
[0.413s] Level 1:colcon.colcon_core.package_identification:_identify(gnss) by extension 'cmake'
[0.438s] Level 1:colcon.colcon_core.package_identification:_identify(gnss) by extension 'python'
[0.439s] DEBUG:colcon.colcon_core.package_identification:Package 'gnss' with type 'cmake' and name 'gnss'
[0.441s] Level 1:colcon.colcon_core.package_identification:_identify(install) by extensions ['ignore', 'ignore_ament_install']
[0.441s] Level 1:colcon.colcon_core.package_identification:_identify(install) by extension 'ignore'
[0.442s] Level 1:colcon.colcon_core.package_identification:_identify(install) ignored
[0.445s] Level 1:colcon.colcon_core.package_identification:_identify(log) by extensions ['ignore', 'ignore_ament_install']
[0.445s] Level 1:colcon.colcon_core.package_identification:_identify(log) by extension 'ignore'
[0.446s] Level 1:colcon.colcon_core.package_identification:_identify(log) ignored
[0.448s] Level 1:colcon.colcon_core.package_identification:_identify(mybag) by extensions ['ignore', 'ignore_ament_install']
[0.448s] Level 1:colcon.colcon_core.package_identification:_identify(mybag) by extension 'ignore'
[0.449s] Level 1:colcon.colcon_core.package_identification:_identify(mybag) by extension 'ignore_ament_install'
[0.450s] Level 1:colcon.colcon_core.package_identification:_identify(mybag) by extensions ['colcon_pkg']
[0.450s] Level 1:colcon.colcon_core.package_identification:_identify(mybag) by extension 'colcon_pkg'
[0.451s] Level 1:colcon.colcon_core.package_identification:_identify(mybag) by extensions ['colcon_meta']
[0.451s] Level 1:colcon.colcon_core.package_identification:_identify(mybag) by extension 'colcon_meta'
[0.451s] Level 1:colcon.colcon_core.package_identification:_identify(mybag) by extensions ['ros']
[0.452s] Level 1:colcon.colcon_core.package_identification:_identify(mybag) by extension 'ros'
[0.454s] Level 1:colcon.colcon_core.package_identification:_identify(mybag) by extensions ['cmake', 'python']
[0.454s] Level 1:colcon.colcon_core.package_identification:_identify(mybag) by extension 'cmake'
[0.455s] Level 1:colcon.colcon_core.package_identification:_identify(mybag) by extension 'python'
[0.455s] Level 1:colcon.colcon_core.package_identification:_identify(mybag) by extensions ['python_setup_py']
[0.455s] Level 1:colcon.colcon_core.package_identification:_identify(mybag) by extension 'python_setup_py'
[0.456s] Level 1:colcon.colcon_core.package_discovery:discover_packages(recursive) using defaults
[0.456s] Level 1:colcon.colcon_core.package_discovery:discover_packages(ignore) discover
[0.456s] Level 1:colcon.colcon_core.package_discovery:discover_packages(ignore) using defaults
[0.456s] Level 1:colcon.colcon_core.package_discovery:discover_packages(path) discover
[0.457s] Level 1:colcon.colcon_core.package_discovery:discover_packages(path) using defaults
[0.486s] Level 1:colcon.colcon_core.package_discovery:discover_packages(prefix_path) check parameters
[0.486s] Level 1:colcon.colcon_core.package_discovery:discover_packages(prefix_path) discover
[0.491s] DEBUG:colcon.colcon_installed_package_information.package_discovery:Found 1 installed packages in /home/rmhoque/ros2_ws/install
[0.493s] DEBUG:colcon.colcon_installed_package_information.package_discovery:Found 320 installed packages in /opt/ros/jazzy
[0.494s] Level 1:colcon.colcon_core.package_discovery:discover_packages(prefix_path) using defaults
[0.535s] Level 5:colcon.colcon_core.verb:set package 'gnss' build argument 'cmake_args' from command line to 'None'
[0.535s] Level 5:colcon.colcon_core.verb:set package 'gnss' build argument 'cmake_target' from command line to 'None'
[0.536s] Level 5:colcon.colcon_core.verb:set package 'gnss' build argument 'cmake_target_skip_unavailable' from command line to 'False'
[0.536s] Level 5:colcon.colcon_core.verb:set package 'gnss' build argument 'cmake_clean_cache' from command line to 'False'
[0.536s] Level 5:colcon.colcon_core.verb:set package 'gnss' build argument 'cmake_clean_first' from command line to 'False'
[0.536s] Level 5:colcon.colcon_core.verb:set package 'gnss' build argument 'cmake_force_configure' from command line to 'False'
[0.536s] Level 5:colcon.colcon_core.verb:set package 'gnss' build argument 'ament_cmake_args' from command line to 'None'
[0.536s] Level 5:colcon.colcon_core.verb:set package 'gnss' build argument 'catkin_cmake_args' from command line to 'None'
[0.537s] Level 5:colcon.colcon_core.verb:set package 'gnss' build argument 'catkin_skip_building_tests' from command line to 'False'
[0.537s] DEBUG:colcon.colcon_core.verb:Building package 'gnss' with the following arguments: {'ament_cmake_args': None, 'build_base': '/mnt/c/Users/eshan/EECE5554/lab2/build/gnss', 'catkin_cmake_args': None, 'catkin_skip_building_tests': False, 'cmake_args': None, 'cmake_clean_cache': False, 'cmake_clean_first': False, 'cmake_force_configure': False, 'cmake_target': None, 'cmake_target_skip_unavailable': False, 'install_base': '/mnt/c/Users/eshan/EECE5554/lab2/install/gnss', 'merge_install': False, 'path': '/mnt/c/Users/eshan/EECE5554/lab2/gnss', 'symlink_install': False, 'test_result_base': None}
[0.537s] INFO:colcon.colcon_core.executor:Executing jobs using 'parallel' executor
[0.538s] DEBUG:colcon.colcon_parallel_executor.executor.parallel:run_until_complete
[0.538s] INFO:colcon.colcon_cmake.task.cmake.build:Building CMake package in '/mnt/c/Users/eshan/EECE5554/lab2/gnss'
[0.545s] INFO:colcon.colcon_core.plugin_system:Skipping extension 'colcon_core.shell.bat': Not used on non-Windows systems
[0.545s] INFO:colcon.colcon_core.shell:Skip shell extension 'powershell' for command environment: Not usable outside of PowerShell
[0.545s] DEBUG:colcon.colcon_core.shell:Skip shell extension 'dsv' for command environment
[0.603s] DEBUG:colcon.colcon_core.event_handler.log_command:Invoking command in '/mnt/c/Users/eshan/EECE5554/lab2/build/gnss': DEBUGINFOD_URLS=https://debuginfod.ubuntu.com VIRTUAL_ENV_PROMPT=(venv-ardupilot) /usr/bin/cmake /mnt/c/Users/eshan/EECE5554/lab2/gnss -DCMAKE_INSTALL_PREFIX=/mnt/c/Users/eshan/EECE5554/lab2/install/gnss
[4.048s] DEBUG:colcon.colcon_core.event_handler.log_command:Invoked command in '/mnt/c/Users/eshan/EECE5554/lab2/build/gnss' returned '0': DEBUGINFOD_URLS=https://debuginfod.ubuntu.com VIRTUAL_ENV_PROMPT=(venv-ardupilot) /usr/bin/cmake /mnt/c/Users/eshan/EECE5554/lab2/gnss -DCMAKE_INSTALL_PREFIX=/mnt/c/Users/eshan/EECE5554/lab2/install/gnss
[4.055s] DEBUG:colcon.colcon_core.event_handler.log_command:Invoking command in '/mnt/c/Users/eshan/EECE5554/lab2/build/gnss': DEBUGINFOD_URLS=https://debuginfod.ubuntu.com VIRTUAL_ENV_PROMPT=(venv-ardupilot) /usr/bin/cmake --build /mnt/c/Users/eshan/EECE5554/lab2/build/gnss -- -j16 -l16
[4.118s] DEBUG:colcon.colcon_core.event_handler.log_command:Invoked command in '/mnt/c/Users/eshan/EECE5554/lab2/build/gnss' returned '0': DEBUGINFOD_URLS=https://debuginfod.ubuntu.com VIRTUAL_ENV_PROMPT=(venv-ardupilot) /usr/bin/cmake --build /mnt/c/Users/eshan/EECE5554/lab2/build/gnss -- -j16 -l16
[4.129s] WARNING:colcon.colcon_cmake.task.cmake.build:Could not run installation step for package 'gnss' because it has no 'install' target
[4.129s] Level 1:colcon.colcon_core.environment:create_environment_scripts_only(gnss)
[4.137s] Level 1:colcon.colcon_core.environment:checking '/mnt/c/Users/eshan/EECE5554/lab2/install/gnss' for CMake module files
[4.148s] Level 1:colcon.colcon_core.environment:checking '/mnt/c/Users/eshan/EECE5554/lab2/install/gnss' for CMake config files
[4.150s] Level 1:colcon.colcon_core.environment:checking '/mnt/c/Users/eshan/EECE5554/lab2/install/gnss/bin'
[4.150s] Level 1:colcon.colcon_core.environment:checking '/mnt/c/Users/eshan/EECE5554/lab2/install/gnss/lib/pkgconfig/gnss.pc'
[4.151s] Level 1:colcon.colcon_core.environment:checking '/mnt/c/Users/eshan/EECE5554/lab2/install/gnss/lib/python3.12/site-packages'
[4.152s] Level 1:colcon.colcon_core.environment:checking '/mnt/c/Users/eshan/EECE5554/lab2/install/gnss/bin'
[4.153s] INFO:colcon.colcon_core.shell:Creating package script '/mnt/c/Users/eshan/EECE5554/lab2/install/gnss/share/gnss/package.ps1'
[4.163s] INFO:colcon.colcon_core.shell:Creating package descriptor '/mnt/c/Users/eshan/EECE5554/lab2/install/gnss/share/gnss/package.dsv'
[4.173s] INFO:colcon.colcon_core.shell:Creating package script '/mnt/c/Users/eshan/EECE5554/lab2/install/gnss/share/gnss/package.sh'
[4.184s] INFO:colcon.colcon_core.shell:Creating package script '/mnt/c/Users/eshan/EECE5554/lab2/install/gnss/share/gnss/package.bash'
[4.196s] INFO:colcon.colcon_core.shell:Creating package script '/mnt/c/Users/eshan/EECE5554/lab2/install/gnss/share/gnss/package.zsh'
[4.208s] Level 1:colcon.colcon_core.environment:create_file_with_runtime_dependencies(/mnt/c/Users/eshan/EECE5554/lab2/install/gnss/share/colcon-core/packages/gnss)
[4.217s] DEBUG:colcon.colcon_parallel_executor.executor.parallel:closing loop
[4.218s] DEBUG:colcon.colcon_parallel_executor.executor.parallel:loop closed
[4.218s] DEBUG:colcon.colcon_parallel_executor.executor.parallel:run_until_complete finished with '0'
[4.218s] DEBUG:colcon.colcon_core.event_reactor:joining thread
[4.269s] INFO:colcon.colcon_core.plugin_system:Skipping extension 'colcon_notification.desktop_notification.notify_send': Could not find 'notify-send'
[4.269s] INFO:colcon.colcon_core.plugin_system:Skipping extension 'colcon_notification.desktop_notification.terminal_notifier': Not used on non-Darwin systems
[4.269s] INFO:colcon.colcon_core.plugin_system:Skipping extension 'colcon_notification.desktop_notification.win32': Not used on non-Windows systems
[4.270s] INFO:colcon.colcon_notification.desktop_notification:Sending desktop notification using 'notify2'
[4.296s] DEBUG:colcon.colcon_notification.desktop_notification.notify2:Failed to initialize notify2: org.freedesktop.DBus.Error.ServiceUnknown: The name org.freedesktop.Notifications was not provided by any .service files
[4.297s] DEBUG:colcon.colcon_core.event_reactor:joined thread
[4.298s] INFO:colcon.colcon_core.shell:Creating prefix script '/mnt/c/Users/eshan/EECE5554/lab2/install/local_setup.ps1'
[4.303s] INFO:colcon.colcon_core.shell:Creating prefix util module '/mnt/c/Users/eshan/EECE5554/lab2/install/_local_setup_util_ps1.py'
[4.309s] INFO:colcon.colcon_core.shell:Creating prefix chain script '/mnt/c/Users/eshan/EECE5554/lab2/install/setup.ps1'
[4.315s] INFO:colcon.colcon_core.shell:Creating prefix script '/mnt/c/Users/eshan/EECE5554/lab2/install/local_setup.sh'
[4.320s] INFO:colcon.colcon_core.shell:Creating prefix util module '/mnt/c/Users/eshan/EECE5554/lab2/install/_local_setup_util_sh.py'
[4.326s] INFO:colcon.colcon_core.shell:Creating prefix chain script '/mnt/c/Users/eshan/EECE5554/lab2/install/setup.sh'
[4.331s] INFO:colcon.colcon_core.shell:Creating prefix script '/mnt/c/Users/eshan/EECE5554/lab2/install/local_setup.bash'
[4.337s] INFO:colcon.colcon_core.shell:Creating prefix chain script '/mnt/c/Users/eshan/EECE5554/lab2/install/setup.bash'
[4.342s] INFO:colcon.colcon_core.shell:Creating prefix script '/mnt/c/Users/eshan/EECE5554/lab2/install/local_setup.zsh'
[4.348s] INFO:colcon.colcon_core.shell:Creating prefix chain script '/mnt/c/Users/eshan/EECE5554/lab2/install/setup.zsh'
